2020-05-24 16:36:48 INFO  main org.cwm3.mgrsystem.SystemApplicationTests Starting SystemApplicationTests on cwm-computer with PID 28036 (started by Administrator in E:\myproject\GitHubé¡¹ç›®\mgrmentsystem\mgrsystem\mgrserver\mgr-web)
2020-05-24 16:36:48 INFO  main org.cwm3.mgrsystem.SystemApplicationTests No active profile set, falling back to default profiles: default
2020-05-24 16:36:51 INFO  main org.springframework.data.repository.config.RepositoryConfigurationDelegate Multiple Spring Data modules found, entering strict repository configuration mode!
2020-05-24 16:36:51 INFO  main org.springframework.data.repository.config.RepositoryConfigurationDelegate Bootstrapping Spring Data repositories in DEFAULT mode.
2020-05-24 16:36:52 INFO  main org.springframework.data.repository.config.RepositoryConfigurationDelegate Finished Spring Data repository scanning in 143ms. Found 0 repository interfaces.
2020-05-24 16:36:54 INFO  main org.springframework.context.support.PostProcessorRegistrationDelegate$BeanPostProcessorChecker Bean 'org.springframework.transaction.annotation.ProxyTransactionManagementConfiguration' of type [org.springframework.transaction.annotation.ProxyTransactionManagementConfiguration$$EnhancerBySpringCGLIB$$e06fc50b] is not eligible for getting processed by all BeanPostProcessors (for example: not eligible for auto-proxying)
2020-05-24 16:36:54 INFO  main com.alibaba.druid.spring.boot.autoconfigure.DruidDataSourceAutoConfigure Init DruidDataSource
2020-05-24 16:36:55 INFO  main com.alibaba.druid.pool.DruidDataSource {dataSource-1} inited
2020-05-24 16:36:56 INFO  main org.springframework.scheduling.concurrent.ThreadPoolTaskExecutor Initializing ExecutorService 'clientInboundChannelExecutor'
2020-05-24 16:36:56 INFO  main org.springframework.scheduling.concurrent.ThreadPoolTaskExecutor Initializing ExecutorService 'clientOutboundChannelExecutor'
2020-05-24 16:36:58 INFO  main org.springframework.scheduling.concurrent.ThreadPoolTaskScheduler Initializing ExecutorService 'messageBrokerTaskScheduler'
2020-05-24 16:36:59 INFO  main org.springframework.scheduling.concurrent.ThreadPoolTaskExecutor Initializing ExecutorService 'brokerChannelExecutor'
2020-05-24 16:37:00 INFO  main org.springframework.boot.autoconfigure.web.servlet.WelcomePageHandlerMapping Adding welcome page: class path resource [static/index.html]
2020-05-24 16:37:03 INFO  main org.flywaydb.core.internal.license.VersionPrinter Flyway Community Edition 5.2.4 by Boxfuse
2020-05-24 16:37:03 INFO  main org.flywaydb.core.internal.database.DatabaseFactory Database: jdbc:mysql://localhost:3306/mgrsystem (MySQL 5.5)
2020-05-24 16:37:04 INFO  main org.flywaydb.core.internal.command.DbValidate Successfully validated 1 migration (execution time 00:00.244s)
2020-05-24 16:37:04 INFO  main org.flywaydb.core.internal.command.DbMigrate Current version of schema `mgrsystem`: 1
2020-05-24 16:37:04 INFO  main org.flywaydb.core.internal.command.DbMigrate Schema `mgrsystem` is up to date. No migration necessary.
2020-05-24 16:37:04 INFO  main org.springframework.security.web.DefaultSecurityFilterChain Creating filter chain: Ant [pattern='/css/**'], []
2020-05-24 16:37:04 INFO  main org.springframework.security.web.DefaultSecurityFilterChain Creating filter chain: Ant [pattern='/js/**'], []
2020-05-24 16:37:04 INFO  main org.springframework.security.web.DefaultSecurityFilterChain Creating filter chain: Ant [pattern='/index.html'], []
2020-05-24 16:37:04 INFO  main org.springframework.security.web.DefaultSecurityFilterChain Creating filter chain: Ant [pattern='/img/**'], []
2020-05-24 16:37:04 INFO  main org.springframework.security.web.DefaultSecurityFilterChain Creating filter chain: Ant [pattern='/fonts/**'], []
2020-05-24 16:37:04 INFO  main org.springframework.security.web.DefaultSecurityFilterChain Creating filter chain: Ant [pattern='/favicon.ico'], []
2020-05-24 16:37:04 INFO  main org.springframework.security.web.DefaultSecurityFilterChain Creating filter chain: Ant [pattern='/verifyCode'], []
2020-05-24 16:37:05 INFO  main org.springframework.security.web.DefaultSecurityFilterChain Creating filter chain: any request, [org.springframework.security.web.context.request.async.WebAsyncManagerIntegrationFilter@4965454c, org.springframework.security.web.context.SecurityContextPersistenceFilter@1e033801, org.springframework.security.web.header.HeaderWriterFilter@4601a148, org.springframework.security.web.authentication.logout.LogoutFilter@1d2d793d, org.cwm3.mgrsystem.config.LoginFilter@4d174189, org.springframework.security.web.session.ConcurrentSessionFilter@1e4a4ed5, org.springframework.security.web.savedrequest.RequestCacheAwareFilter@57ed8f95, org.springframework.security.web.servletapi.SecurityContextHolderAwareRequestFilter@13f7c165, org.springframework.security.web.authentication.AnonymousAuthenticationFilter@5644f664, org.springframework.security.web.session.SessionManagementFilter@2fc40856, org.springframework.security.web.access.ExceptionTranslationFilter@16c1d11, org.springframework.security.web.access.intercept.FilterSecurityInterceptor@448fa659]
2020-05-24 16:37:05 INFO  main org.quartz.impl.StdSchedulerFactory Using default implementation for ThreadExecutor
2020-05-24 16:37:05 INFO  main org.quartz.core.SchedulerSignalerImpl Initialized Scheduler Signaller of type: class org.quartz.core.SchedulerSignalerImpl
2020-05-24 16:37:05 INFO  main org.quartz.core.QuartzScheduler Quartz Scheduler v.2.3.1 created.
2020-05-24 16:37:05 INFO  main org.quartz.simpl.RAMJobStore RAMJobStore initialized.
2020-05-24 16:37:05 INFO  main org.quartz.core.QuartzScheduler Scheduler meta-data: Quartz Scheduler (v2.3.1) 'quartzScheduler' with instanceId 'NON_CLUSTERED'
  Scheduler class: 'org.quartz.core.QuartzScheduler' - running locally.
  NOT STARTED.
  Currently in standby mode.
  Number of jobs executed: 0
  Using thread pool 'org.quartz.simpl.SimpleThreadPool' - with 10 threads.
  Using job-store 'org.quartz.simpl.RAMJobStore' - which does not support persistence. and is not clustered.

2020-05-24 16:37:05 INFO  main org.quartz.impl.StdSchedulerFactory Quartz scheduler 'quartzScheduler' initialized from an externally provided properties instance.
2020-05-24 16:37:05 INFO  main org.quartz.impl.StdSchedulerFactory Quartz scheduler version: 2.3.1
2020-05-24 16:37:05 INFO  main org.quartz.core.QuartzScheduler JobFactory set to: org.springframework.scheduling.quartz.SpringBeanJobFactory@330d16af
2020-05-24 16:37:06 INFO  main org.springframework.boot.actuate.endpoint.web.EndpointLinksResolver Exposing 2 endpoint(s) beneath base path '/actuator'
2020-05-24 16:37:06 INFO  main org.springframework.messaging.simp.broker.SimpleBrokerMessageHandler Starting...
2020-05-24 16:37:06 INFO  main org.springframework.messaging.simp.broker.SimpleBrokerMessageHandler BrokerAvailabilityEvent[available=true, SimpleBrokerMessageHandler [DefaultSubscriptionRegistry[cache[0 destination(s)], registry[0 sessions]]]]
2020-05-24 16:37:06 INFO  main org.springframework.messaging.simp.broker.SimpleBrokerMessageHandler Started.
2020-05-24 16:37:06 INFO  main org.springframework.scheduling.quartz.SchedulerFactoryBean Starting Quartz Scheduler now
2020-05-24 16:37:06 INFO  main org.quartz.core.QuartzScheduler Scheduler quartzScheduler_$_NON_CLUSTERED started.
2020-05-24 16:37:06 INFO  main org.cwm3.mgrsystem.SystemApplicationTests Started SystemApplicationTests in 19.652 seconds (JVM running for 25.013)
2020-05-24 16:37:10 INFO  Thread-2 org.springframework.messaging.simp.broker.SimpleBrokerMessageHandler Stopping...
2020-05-24 16:37:10 INFO  Thread-2 org.springframework.messaging.simp.broker.SimpleBrokerMessageHandler BrokerAvailabilityEvent[available=false, SimpleBrokerMessageHandler [DefaultSubscriptionRegistry[cache[0 destination(s)], registry[0 sessions]]]]
2020-05-24 16:37:10 INFO  Thread-2 org.springframework.messaging.simp.broker.SimpleBrokerMessageHandler Stopped.
2020-05-24 16:37:10 INFO  Thread-2 org.quartz.core.QuartzScheduler Scheduler quartzScheduler_$_NON_CLUSTERED paused.
2020-05-24 16:37:10 INFO  Thread-2 org.springframework.scheduling.quartz.SchedulerFactoryBean Shutting down Quartz Scheduler
2020-05-24 16:37:10 INFO  Thread-2 org.quartz.core.QuartzScheduler Scheduler quartzScheduler_$_NON_CLUSTERED shutting down.
2020-05-24 16:37:10 INFO  Thread-2 org.quartz.core.QuartzScheduler Scheduler quartzScheduler_$_NON_CLUSTERED paused.
2020-05-24 16:37:10 INFO  Thread-2 org.quartz.core.QuartzScheduler Scheduler quartzScheduler_$_NON_CLUSTERED shutdown complete.
2020-05-24 16:37:10 INFO  Thread-2 org.springframework.scheduling.concurrent.ThreadPoolTaskExecutor Shutting down ExecutorService 'brokerChannelExecutor'
2020-05-24 16:37:10 INFO  Thread-2 org.springframework.scheduling.concurrent.ThreadPoolTaskScheduler Shutting down ExecutorService 'messageBrokerTaskScheduler'
2020-05-24 16:37:10 INFO  Thread-2 org.springframework.scheduling.concurrent.ThreadPoolTaskExecutor Shutting down ExecutorService 'clientOutboundChannelExecutor'
2020-05-24 16:37:10 INFO  Thread-2 org.springframework.scheduling.concurrent.ThreadPoolTaskExecutor Shutting down ExecutorService 'clientInboundChannelExecutor'
2020-05-24 16:37:10 INFO  Thread-2 com.alibaba.druid.pool.DruidDataSource {dataSource-1} closed
2020-05-24 22:33:22 INFO  main org.cwm3.mgrsystem.SystemApplicationTests Starting SystemApplicationTests on cwm-computer with PID 26884 (started by Administrator in E:\myproject\GitHubÏîÄ¿\mgrmentsystem\mgrsystem\mgrserver\mgr-web)
2020-05-24 22:33:22 INFO  main org.cwm3.mgrsystem.SystemApplicationTests No active profile set, falling back to default profiles: default
2020-05-24 22:33:25 INFO  main org.springframework.data.repository.config.RepositoryConfigurationDelegate Multiple Spring Data modules found, entering strict repository configuration mode!
2020-05-24 22:33:25 INFO  main org.springframework.data.repository.config.RepositoryConfigurationDelegate Bootstrapping Spring Data repositories in DEFAULT mode.
2020-05-24 22:33:25 INFO  main org.springframework.data.repository.config.RepositoryConfigurationDelegate Finished Spring Data repository scanning in 49ms. Found 0 repository interfaces.
2020-05-24 22:33:27 INFO  main org.springframework.context.support.PostProcessorRegistrationDelegate$BeanPostProcessorChecker Bean 'org.springframework.transaction.annotation.ProxyTransactionManagementConfiguration' of type [org.springframework.transaction.annotation.ProxyTransactionManagementConfiguration$$EnhancerBySpringCGLIB$$ef682d14] is not eligible for getting processed by all BeanPostProcessors (for example: not eligible for auto-proxying)
2020-05-24 22:33:27 INFO  main com.alibaba.druid.spring.boot.autoconfigure.DruidDataSourceAutoConfigure Init DruidDataSource
2020-05-24 22:33:27 INFO  main com.alibaba.druid.pool.DruidDataSource {dataSource-1} inited
2020-05-24 22:33:29 INFO  main org.springframework.scheduling.concurrent.ThreadPoolTaskExecutor Initializing ExecutorService 'clientInboundChannelExecutor'
2020-05-24 22:33:29 INFO  main org.springframework.scheduling.concurrent.ThreadPoolTaskExecutor Initializing ExecutorService 'clientOutboundChannelExecutor'
2020-05-24 22:33:32 INFO  main org.springframework.scheduling.concurrent.ThreadPoolTaskScheduler Initializing ExecutorService 'messageBrokerTaskScheduler'
2020-05-24 22:33:32 INFO  main org.springframework.scheduling.concurrent.ThreadPoolTaskExecutor Initializing ExecutorService 'brokerChannelExecutor'
2020-05-24 22:33:33 INFO  main org.springframework.boot.autoconfigure.web.servlet.WelcomePageHandlerMapping Adding welcome page: class path resource [static/index.html]
2020-05-24 22:33:35 INFO  main org.flywaydb.core.internal.license.VersionPrinter Flyway Community Edition 5.2.4 by Boxfuse
2020-05-24 22:33:36 INFO  main org.flywaydb.core.internal.database.DatabaseFactory Database: jdbc:mysql://localhost:3306/mgrsystem (MySQL 5.5)
2020-05-24 22:33:38 INFO  main org.flywaydb.core.internal.command.DbValidate Successfully validated 1 migration (execution time 00:00.329s)
2020-05-24 22:33:38 INFO  main org.flywaydb.core.internal.command.DbMigrate Current version of schema `mgrsystem`: 1
2020-05-24 22:33:38 INFO  main org.flywaydb.core.internal.command.DbMigrate Schema `mgrsystem` is up to date. No migration necessary.
2020-05-24 22:33:38 INFO  main org.springframework.security.web.DefaultSecurityFilterChain Creating filter chain: Ant [pattern='/css/**'], []
2020-05-24 22:33:38 INFO  main org.springframework.security.web.DefaultSecurityFilterChain Creating filter chain: Ant [pattern='/js/**'], []
2020-05-24 22:33:38 INFO  main org.springframework.security.web.DefaultSecurityFilterChain Creating filter chain: Ant [pattern='/index.html'], []
2020-05-24 22:33:38 INFO  main org.springframework.security.web.DefaultSecurityFilterChain Creating filter chain: Ant [pattern='/img/**'], []
2020-05-24 22:33:38 INFO  main org.springframework.security.web.DefaultSecurityFilterChain Creating filter chain: Ant [pattern='/fonts/**'], []
2020-05-24 22:33:38 INFO  main org.springframework.security.web.DefaultSecurityFilterChain Creating filter chain: Ant [pattern='/favicon.ico'], []
2020-05-24 22:33:38 INFO  main org.springframework.security.web.DefaultSecurityFilterChain Creating filter chain: Ant [pattern='/verifyCode'], []
2020-05-24 22:33:39 INFO  main org.springframework.security.web.DefaultSecurityFilterChain Creating filter chain: any request, [org.springframework.security.web.context.request.async.WebAsyncManagerIntegrationFilter@38826984, org.springframework.security.web.context.SecurityContextPersistenceFilter@37f41a81, org.springframework.security.web.header.HeaderWriterFilter@6fa3def8, org.springframework.security.web.authentication.logout.LogoutFilter@2c7375da, org.cwm3.mgrsystem.config.LoginFilter@3b28b7b0, org.springframework.security.web.session.ConcurrentSessionFilter@65262308, org.springframework.security.web.savedrequest.RequestCacheAwareFilter@49bb808f, org.springframework.security.web.servletapi.SecurityContextHolderAwareRequestFilter@4470106b, org.springframework.security.web.authentication.AnonymousAuthenticationFilter@792e8181, org.springframework.security.web.session.SessionManagementFilter@a1cb94, org.springframework.security.web.access.ExceptionTranslationFilter@6f52a229, org.springframework.security.web.access.intercept.FilterSecurityInterceptor@5aac6f9f]
2020-05-24 22:33:39 INFO  main org.quartz.impl.StdSchedulerFactory Using default implementation for ThreadExecutor
2020-05-24 22:33:39 INFO  main org.quartz.core.SchedulerSignalerImpl Initialized Scheduler Signaller of type: class org.quartz.core.SchedulerSignalerImpl
2020-05-24 22:33:39 INFO  main org.quartz.core.QuartzScheduler Quartz Scheduler v.2.3.1 created.
2020-05-24 22:33:39 INFO  main org.quartz.simpl.RAMJobStore RAMJobStore initialized.
2020-05-24 22:33:39 INFO  main org.quartz.core.QuartzScheduler Scheduler meta-data: Quartz Scheduler (v2.3.1) 'quartzScheduler' with instanceId 'NON_CLUSTERED'
  Scheduler class: 'org.quartz.core.QuartzScheduler' - running locally.
  NOT STARTED.
  Currently in standby mode.
  Number of jobs executed: 0
  Using thread pool 'org.quartz.simpl.SimpleThreadPool' - with 10 threads.
  Using job-store 'org.quartz.simpl.RAMJobStore' - which does not support persistence. and is not clustered.

2020-05-24 22:33:39 INFO  main org.quartz.impl.StdSchedulerFactory Quartz scheduler 'quartzScheduler' initialized from an externally provided properties instance.
2020-05-24 22:33:39 INFO  main org.quartz.impl.StdSchedulerFactory Quartz scheduler version: 2.3.1
2020-05-24 22:33:39 INFO  main org.quartz.core.QuartzScheduler JobFactory set to: org.springframework.scheduling.quartz.SpringBeanJobFactory@38968752
2020-05-24 22:33:39 INFO  main org.springframework.boot.actuate.endpoint.web.EndpointLinksResolver Exposing 2 endpoint(s) beneath base path '/actuator'
2020-05-24 22:33:40 INFO  main org.springframework.messaging.simp.broker.SimpleBrokerMessageHandler Starting...
2020-05-24 22:33:40 INFO  main org.springframework.messaging.simp.broker.SimpleBrokerMessageHandler BrokerAvailabilityEvent[available=true, SimpleBrokerMessageHandler [DefaultSubscriptionRegistry[cache[0 destination(s)], registry[0 sessions]]]]
2020-05-24 22:33:40 INFO  main org.springframework.messaging.simp.broker.SimpleBrokerMessageHandler Started.
2020-05-24 22:33:40 INFO  main org.springframework.scheduling.quartz.SchedulerFactoryBean Starting Quartz Scheduler now
2020-05-24 22:33:40 INFO  main org.quartz.core.QuartzScheduler Scheduler quartzScheduler_$_NON_CLUSTERED started.
2020-05-24 22:33:40 INFO  main org.cwm3.mgrsystem.SystemApplicationTests Started SystemApplicationTests in 17.798 seconds (JVM running for 19.033)
2020-05-24 22:33:41 INFO  Thread-2 org.springframework.messaging.simp.broker.SimpleBrokerMessageHandler Stopping...
2020-05-24 22:33:41 INFO  Thread-2 org.springframework.messaging.simp.broker.SimpleBrokerMessageHandler BrokerAvailabilityEvent[available=false, SimpleBrokerMessageHandler [DefaultSubscriptionRegistry[cache[0 destination(s)], registry[0 sessions]]]]
2020-05-24 22:33:41 INFO  Thread-2 org.springframework.messaging.simp.broker.SimpleBrokerMessageHandler Stopped.
2020-05-24 22:33:41 INFO  Thread-2 org.quartz.core.QuartzScheduler Scheduler quartzScheduler_$_NON_CLUSTERED paused.
2020-05-24 22:33:41 INFO  Thread-2 org.springframework.scheduling.quartz.SchedulerFactoryBean Shutting down Quartz Scheduler
2020-05-24 22:33:41 INFO  Thread-2 org.quartz.core.QuartzScheduler Scheduler quartzScheduler_$_NON_CLUSTERED shutting down.
2020-05-24 22:33:41 INFO  Thread-2 org.quartz.core.QuartzScheduler Scheduler quartzScheduler_$_NON_CLUSTERED paused.
2020-05-24 22:33:41 INFO  Thread-2 org.quartz.core.QuartzScheduler Scheduler quartzScheduler_$_NON_CLUSTERED shutdown complete.
2020-05-24 22:33:41 INFO  Thread-2 org.springframework.scheduling.concurrent.ThreadPoolTaskExecutor Shutting down ExecutorService 'brokerChannelExecutor'
2020-05-24 22:33:41 INFO  Thread-2 org.springframework.scheduling.concurrent.ThreadPoolTaskScheduler Shutting down ExecutorService 'messageBrokerTaskScheduler'
2020-05-24 22:33:41 INFO  Thread-2 org.springframework.scheduling.concurrent.ThreadPoolTaskExecutor Shutting down ExecutorService 'clientOutboundChannelExecutor'
2020-05-24 22:33:41 INFO  Thread-2 org.springframework.scheduling.concurrent.ThreadPoolTaskExecutor Shutting down ExecutorService 'clientInboundChannelExecutor'
2020-05-24 22:33:41 INFO  Thread-2 com.alibaba.druid.pool.DruidDataSource {dataSource-1} closed
